<?xml version="1.0" encoding="UTF-8"?>
<coverage generated="1767948336907" clover="3.2.0">
  <project timestamp="1767948336907" name="All files">
    <metrics statements="8" coveredstatements="8" conditionals="0" coveredconditionals="0" methods="4" coveredmethods="4" elements="12" coveredelements="12" complexity="0" loc="8" ncloc="8" packages="1" files="2" classes="2"/>
    <file name="Home.tsx" path="/Users/sasakiyuuta/IdeaProjects/ScorePlayer/frontend/src/component/Home.tsx">
      <metrics statements="4" coveredstatements="4" conditionals="0" coveredconditionals="0" methods="2" coveredmethods="2"/>
      <line num="3" count="1" type="stmt"/>
      <line num="4" count="12" type="stmt"/>
      <line num="5" count="12" type="stmt"/>
      <line num="11" count="1" type="stmt"/>
    </file>
    <file name="menu.tsx" path="/Users/sasakiyuuta/IdeaProjects/ScorePlayer/frontend/src/component/menu.tsx">
      <metrics statements="4" coveredstatements="4" conditionals="0" coveredconditionals="0" methods="2" coveredmethods="2"/>
      <line num="3" count="1" type="stmt"/>
      <line num="4" count="4" type="stmt"/>
      <line num="5" count="4" type="stmt"/>
      <line num="11" count="1" type="stmt"/>
    </file>
  </project>
</coverage>
