{"/Users/sasakiyuuta/IdeaProjects/ScorePlayer/frontend/src/component/Home.tsx": {"path":"/Users/sasakiyuuta/IdeaProjects/ScorePlayer/frontend/src/component/Home.tsx","statementMap":{"0":{"start":{"line":3,"column":13},"end":{"line":27,"column":null}},"1":{"start":{"line":4,"column":8},"end":{"line":4,"column":null}},"2":{"start":{"line":5,"column":2},"end":{"line":25,"column":null}},"3":{"start":{"line":11,"column":10},"end":{"line":11,"column":null}}},"fnMap":{"0":{"name":"(anonymous_0)","decl":{"start":{"line":3,"column":13},"end":{"line":3,"column":19}},"loc":{"start":{"line":3,"column":19},"end":{"line":27,"column":null}},"line":3},"1":{"name":"(anonymous_1)","decl":{"start":{"line":10,"column":17},"end":{"line":10,"column":23}},"loc":{"start":{"line":10,"column":23},"end":{"line":12,"column":null}},"line":10}},"branchMap":{},"s":{"0":1,"1":12,"2":12,"3":1},"f":{"0":12,"1":1},"b":{},"meta":{"lastBranch":0,"lastFunction":2,"lastStatement":4,"seen":{"s:3:13:27:Infinity":0,"f:3:13:3:19":0,"s:4:8:4:Infinity":1,"s:5:2:25:Infinity":2,"f:10:17:10:23":1,"s:11:10:11:Infinity":3}}}
,"/Users/sasakiyuuta/IdeaProjects/ScorePlayer/frontend/src/component/menu.tsx": {"path":"/Users/sasakiyuuta/IdeaProjects/ScorePlayer/frontend/src/component/menu.tsx","statementMap":{"0":{"start":{"line":3,"column":13},"end":{"line":18,"column":null}},"1":{"start":{"line":4,"column":8},"end":{"line":4,"column":null}},"2":{"start":{"line":5,"column":2},"end":{"line":16,"column":null}},"3":{"start":{"line":11,"column":10},"end":{"line":11,"column":null}}},"fnMap":{"0":{"name":"(anonymous_0)","decl":{"start":{"line":3,"column":13},"end":{"line":3,"column":19}},"loc":{"start":{"line":3,"column":19},"end":{"line":18,"column":null}},"line":3},"1":{"name":"(anonymous_1)","decl":{"start":{"line":10,"column":17},"end":{"line":10,"column":23}},"loc":{"start":{"line":10,"column":23},"end":{"line":12,"column":null}},"line":10}},"branchMap":{},"s":{"0":1,"1":4,"2":4,"3":1},"f":{"0":4,"1":1},"b":{},"meta":{"lastBranch":0,"lastFunction":2,"lastStatement":4,"seen":{"s:3:13:18:Infinity":0,"f:3:13:3:19":0,"s:4:8:4:Infinity":1,"s:5:2:16:Infinity":2,"f:10:17:10:23":1,"s:11:10:11:Infinity":3}}}
}
