{"/Users/sasakiyuuta/IdeaProjects/ScorePlayer/frontend/src/component/Home.tsx": {"path":"/Users/sasakiyuuta/IdeaProjects/ScorePlayer/frontend/src/component/Home.tsx","statementMap":{"0":{"start":{"line":4,"column":13},"end":{"line":33,"column":null}},"1":{"start":{"line":5,"column":25},"end":{"line":5,"column":null}},"2":{"start":{"line":6,"column":10},"end":{"line":6,"column":null}},"3":{"start":{"line":7,"column":2},"end":{"line":31,"column":null}},"4":{"start":{"line":13,"column":10},"end":{"line":13,"column":null}},"5":{"start":{"line":19,"column":46},"end":{"line":19,"column":72}},"6":{"start":{"line":20,"column":46},"end":{"line":20,"column":72}},"7":{"start":{"line":21,"column":46},"end":{"line":21,"column":72}},"8":{"start":{"line":22,"column":46},"end":{"line":22,"column":73}},"9":{"start":{"line":23,"column":46},"end":{"line":23,"column":72}},"10":{"start":{"line":24,"column":46},"end":{"line":24,"column":72}},"11":{"start":{"line":25,"column":46},"end":{"line":25,"column":72}}},"fnMap":{"0":{"name":"(anonymous_0)","decl":{"start":{"line":4,"column":13},"end":{"line":4,"column":19}},"loc":{"start":{"line":4,"column":19},"end":{"line":33,"column":null}},"line":4},"1":{"name":"(anonymous_1)","decl":{"start":{"line":12,"column":17},"end":{"line":12,"column":23}},"loc":{"start":{"line":12,"column":23},"end":{"line":14,"column":null}},"line":12},"2":{"name":"(anonymous_2)","decl":{"start":{"line":19,"column":41},"end":{"line":19,"column":45}},"loc":{"start":{"line":19,"column":45},"end":{"line":19,"column":75}},"line":19},"3":{"name":"(anonymous_3)","decl":{"start":{"line":20,"column":41},"end":{"line":20,"column":45}},"loc":{"start":{"line":20,"column":45},"end":{"line":20,"column":75}},"line":20},"4":{"name":"(anonymous_4)","decl":{"start":{"line":21,"column":41},"end":{"line":21,"column":45}},"loc":{"start":{"line":21,"column":45},"end":{"line":21,"column":75}},"line":21},"5":{"name":"(anonymous_5)","decl":{"start":{"line":22,"column":41},"end":{"line":22,"column":45}},"loc":{"start":{"line":22,"column":45},"end":{"line":22,"column":76}},"line":22},"6":{"name":"(anonymous_6)","decl":{"start":{"line":23,"column":41},"end":{"line":23,"column":45}},"loc":{"start":{"line":23,"column":45},"end":{"line":23,"column":75}},"line":23},"7":{"name":"(anonymous_7)","decl":{"start":{"line":24,"column":41},"end":{"line":24,"column":45}},"loc":{"start":{"line":24,"column":45},"end":{"line":24,"column":75}},"line":24},"8":{"name":"(anonymous_8)","decl":{"start":{"line":25,"column":41},"end":{"line":25,"column":45}},"loc":{"start":{"line":25,"column":45},"end":{"line":25,"column":75}},"line":25}},"branchMap":{},"s":{"0":1,"1":26,"2":26,"3":26,"4":1,"5":1,"6":1,"7":1,"8":1,"9":1,"10":1,"11":1},"f":{"0":26,"1":1,"2":1,"3":1,"4":1,"5":1,"6":1,"7":1,"8":1},"b":{},"meta":{"lastBranch":0,"lastFunction":9,"lastStatement":12,"seen":{"s:4:13:33:Infinity":0,"f:4:13:4:19":0,"s:5:25:5:Infinity":1,"s:6:10:6:Infinity":2,"s:7:2:31:Infinity":3,"f:12:17:12:23":1,"s:13:10:13:Infinity":4,"f:19:41:19:45":2,"s:19:46:19:72":5,"f:20:41:20:45":3,"s:20:46:20:72":6,"f:21:41:21:45":4,"s:21:46:21:72":7,"f:22:41:22:45":5,"s:22:46:22:73":8,"f:23:41:23:45":6,"s:23:46:23:72":9,"f:24:41:24:45":7,"s:24:46:24:72":10,"f:25:41:25:45":8,"s:25:46:25:72":11}}}
,"/Users/sasakiyuuta/IdeaProjects/ScorePlayer/frontend/src/component/menu.tsx": {"path":"/Users/sasakiyuuta/IdeaProjects/ScorePlayer/frontend/src/component/menu.tsx","statementMap":{"0":{"start":{"line":3,"column":13},"end":{"line":18,"column":null}},"1":{"start":{"line":4,"column":8},"end":{"line":4,"column":null}},"2":{"start":{"line":5,"column":2},"end":{"line":16,"column":null}},"3":{"start":{"line":11,"column":10},"end":{"line":11,"column":null}}},"fnMap":{"0":{"name":"(anonymous_0)","decl":{"start":{"line":3,"column":13},"end":{"line":3,"column":19}},"loc":{"start":{"line":3,"column":19},"end":{"line":18,"column":null}},"line":3},"1":{"name":"(anonymous_1)","decl":{"start":{"line":10,"column":17},"end":{"line":10,"column":23}},"loc":{"start":{"line":10,"column":23},"end":{"line":12,"column":null}},"line":10}},"branchMap":{},"s":{"0":1,"1":4,"2":4,"3":1},"f":{"0":4,"1":1},"b":{},"meta":{"lastBranch":0,"lastFunction":2,"lastStatement":4,"seen":{"s:3:13:18:Infinity":0,"f:3:13:3:19":0,"s:4:8:4:Infinity":1,"s:5:2:16:Infinity":2,"f:10:17:10:23":1,"s:11:10:11:Infinity":3}}}
}
